[2025-06-11 21:38:32.491] Conexão estabelecida com o servidor localhost:8080
[2025-06-11 21:38:32.491] Interface termbox inicializada com sucesso
[2025-06-11 21:38:32.492] Cliente criado com sucesso, nome: JogadorX
[2025-06-11 21:38:32.493] Jogo multiplayer criado
[2025-06-11 21:38:32.494] Interface inicializada e primeiro quadro desenhado
[2025-06-11 21:38:33.735] Evento de teclado recebido: {mover 119}
[2025-06-11 21:38:33.785] Evento de teclado recebido: {mover 100}
[2025-06-11 21:38:34.050] Evento de teclado recebido: {mover 97}
[2025-06-11 21:38:34.074] Evento de teclado recebido: {mover 115}
[2025-06-11 21:38:34.371] Evento de teclado recebido: {mover 100}
[2025-06-11 21:38:34.695] Evento de teclado recebido: {mover 100}
[2025-06-11 21:38:34.800] Evento de teclado recebido: {mover 119}
[2025-06-11 21:38:34.951] Evento de teclado recebido: {mover 97}
[2025-06-11 21:38:35.170] Evento de teclado recebido: {interagir 101}
[2025-06-11 21:38:35.468] Evento de teclado recebido: {interagir 101}
[2025-06-11 21:38:35.641] Evento de teclado recebido: {mover 119}
[2025-06-11 21:38:35.732] Evento de teclado recebido: {interagir 101}
[2025-06-11 21:38:35.995] Evento de teclado recebido: {mover 97}
[2025-06-11 21:38:36.254] Evento de teclado recebido: {mover 119}
[2025-06-11 21:38:36.372] Evento de teclado recebido: {mover 100}
[2025-06-11 21:38:36.635] Evento de teclado recebido: {mover 119}
[2025-06-11 21:38:36.794] Evento de teclado recebido: {interagir 101}
[2025-06-11 21:38:36.966] Evento de teclado recebido: {mover 119}
[2025-06-11 21:38:37.103] Evento de teclado recebido: {interagir 101}
[2025-06-11 21:38:37.386] Evento de teclado recebido: {mover 100}
[2025-06-11 21:38:37.387] Evento de teclado recebido: {mover 119}
[2025-06-11 21:38:41.109] Evento de teclado recebido: {mover 100}
[2025-06-11 21:38:41.212] Evento de teclado recebido: {mover 115}
[2025-06-11 21:38:41.468] Evento de teclado recebido: {mover 100}
[2025-06-11 21:38:41.604] Evento de teclado recebido: {mover 115}
[2025-06-11 21:38:41.700] Evento de teclado recebido: {mover 100}
[2025-06-11 21:38:41.852] Evento de teclado recebido: {mover 100}
[2025-06-11 21:38:41.855] Evento de teclado recebido: {mover 115}
[2025-06-11 21:38:42.092] Evento de teclado recebido: {mover 100}
[2025-06-11 21:38:42.137] Evento de teclado recebido: {mover 119}
[2025-06-11 21:38:42.390] Evento de teclado recebido: {mover 100}
[2025-06-11 21:38:42.533] Evento de teclado recebido: {mover 100}
[2025-06-11 21:38:42.798] Evento de teclado recebido: {mover 100}
[2025-06-11 21:38:43.043] Evento de teclado recebido: {mover 100}
[2025-06-11 21:38:43.180] Evento de teclado recebido: {mover 100}
[2025-06-11 21:38:43.367] Evento de teclado recebido: {mover 100}
[2025-06-11 21:38:52.913] Evento de teclado recebido: {mover 115}
[2025-06-11 21:38:53.061] Evento de teclado recebido: {mover 97}
[2025-06-11 21:38:53.195] Evento de teclado recebido: {mover 100}
[2025-06-11 21:38:53.275] Evento de teclado recebido: {mover 119}
[2025-06-11 21:38:53.552] Evento de teclado recebido: {mover 100}
[2025-06-11 21:38:53.675] Evento de teclado recebido: {mover 119}
[2025-06-11 21:38:53.798] Evento de teclado recebido: {mover 100}
[2025-06-11 21:38:57.490] Evento de teclado recebido: {outro 0}
[2025-06-11 21:39:01.051] Evento de teclado recebido: {outro 0}
[2025-06-11 21:39:01.052] Evento de teclado recebido: {outro 0}
[2025-06-11 21:39:01.098] Evento de teclado recebido: {outro 0}
[2025-06-11 21:39:01.152] Evento de teclado recebido: {outro 0}
[2025-06-11 21:39:01.375] Evento de teclado recebido: {outro 0}
[2025-06-11 21:39:01.500] Evento de teclado recebido: {outro 0}
[2025-06-11 21:39:09.875] Conexão estabelecida com o servidor localhost:8080
[2025-06-11 21:39:09.876] Interface termbox inicializada com sucesso
[2025-06-11 21:39:09.877] Cliente criado com sucesso, nome: JogadorX
[2025-06-11 21:39:09.878] Jogo multiplayer criado
[2025-06-11 21:39:09.878] Interface inicializada e primeiro quadro desenhado
[2025-06-11 21:39:11.219] Evento de teclado recebido: {mover 115}
[2025-06-11 21:39:11.454] Evento de teclado recebido: {mover 100}
[2025-06-11 21:39:11.698] Evento de teclado recebido: {mover 115}
[2025-06-11 21:39:11.791] Evento de teclado recebido: {mover 100}
[2025-06-11 21:39:12.010] Evento de teclado recebido: {mover 100}
[2025-06-11 21:39:12.385] Evento de teclado recebido: {mover 119}
[2025-06-11 21:39:12.528] Evento de teclado recebido: {mover 100}
[2025-06-11 21:39:18.044] Evento de teclado recebido: {mover 119}
[2025-06-11 21:39:18.178] Evento de teclado recebido: {mover 100}
[2025-06-11 21:39:18.489] Evento de teclado recebido: {mover 97}
[2025-06-11 21:39:18.602] Evento de teclado recebido: {mover 100}
[2025-06-11 21:39:18.603] Evento de teclado recebido: {mover 115}
[2025-06-11 21:39:18.836] Evento de teclado recebido: {mover 115}
[2025-06-11 21:39:18.987] Evento de teclado recebido: {mover 97}
[2025-06-11 21:39:19.137] Evento de teclado recebido: {mover 100}
[2025-06-11 21:39:19.226] Evento de teclado recebido: {mover 97}
[2025-06-11 21:39:19.425] Evento de teclado recebido: {mover 100}
[2025-06-11 21:39:19.664] Evento de teclado recebido: {mover 97}
[2025-06-11 21:39:19.677] Evento de teclado recebido: {mover 119}
[2025-06-11 21:39:19.987] Evento de teclado recebido: {mover 119}
[2025-06-11 21:39:20.258] Evento de teclado recebido: {mover 97}
[2025-06-11 21:39:21.187] Evento de teclado recebido: {mover 100}
[2025-06-11 21:39:21.266] Evento de teclado recebido: {mover 119}
[2025-06-11 21:39:21.563] Evento de teclado recebido: {mover 100}
[2025-06-11 21:39:22.072] Evento de teclado recebido: {mover 100}
[2025-06-11 21:39:22.306] Evento de teclado recebido: {mover 100}
[2025-06-11 21:39:40.462] Evento de teclado recebido: {mover 100}
[2025-06-11 21:39:40.495] Evento de teclado recebido: {mover 115}
[2025-06-11 21:39:40.805] Evento de teclado recebido: {mover 100}
[2025-06-11 21:39:40.806] Evento de teclado recebido: {mover 97}
[2025-06-11 21:39:41.161] Evento de teclado recebido: {mover 100}
[2025-06-11 21:39:41.398] Evento de teclado recebido: {mover 100}
[2025-06-11 21:39:41.518] Evento de teclado recebido: {mover 100}
[2025-06-11 21:39:41.767] Evento de teclado recebido: {mover 100}
[2025-06-11 21:39:41.813] Evento de teclado recebido: {mover 100}
[2025-06-11 21:39:42.033] Evento de teclado recebido: {mover 100}
[2025-06-11 21:39:42.137] Evento de teclado recebido: {mover 100}
[2025-06-11 21:39:42.291] Evento de teclado recebido: {mover 100}
[2025-06-11 21:39:42.433] Evento de teclado recebido: {mover 115}
[2025-06-11 21:39:42.689] Evento de teclado recebido: {mover 115}
[2025-06-11 21:39:42.844] Evento de teclado recebido: {mover 115}
[2025-06-11 21:39:42.974] Evento de teclado recebido: {mover 115}
[2025-06-11 21:39:43.176] Evento de teclado recebido: {mover 115}
[2025-06-11 21:39:43.233] Evento de teclado recebido: {mover 100}
[2025-06-11 21:39:43.652] Evento de teclado recebido: {mover 97}
[2025-06-11 21:39:43.877] Evento de teclado recebido: {mover 97}
[2025-06-11 21:39:44.017] Evento de teclado recebido: {mover 97}
[2025-06-11 21:39:44.157] Evento de teclado recebido: {mover 100}
[2025-06-11 21:39:44.262] Evento de teclado recebido: {mover 97}
[2025-06-11 21:39:44.285] Evento de teclado recebido: {mover 100}
[2025-06-11 21:39:44.464] Evento de teclado recebido: {mover 100}
[2025-06-11 21:39:44.465] Evento de teclado recebido: {mover 97}
[2025-06-11 21:39:44.611] Evento de teclado recebido: {mover 97}
[2025-06-11 21:39:44.629] Evento de teclado recebido: {mover 100}
[2025-06-11 21:39:44.803] Evento de teclado recebido: {mover 97}
[2025-06-11 21:39:44.883] Evento de teclado recebido: {mover 100}
[2025-06-11 21:39:45.042] Evento de teclado recebido: {mover 97}
[2025-06-11 21:39:45.242] Evento de teclado recebido: {mover 97}
[2025-06-11 21:39:45.292] Evento de teclado recebido: {mover 100}
[2025-06-11 21:39:45.497] Evento de teclado recebido: {mover 97}
[2025-06-11 21:39:45.499] Evento de teclado recebido: {mover 100}
[2025-06-11 21:39:45.633] Evento de teclado recebido: {mover 97}
[2025-06-11 21:40:19.245] Evento de teclado recebido: {mover 119}
[2025-06-11 21:40:19.553] Evento de teclado recebido: {mover 100}
[2025-06-11 21:40:19.631] Evento de teclado recebido: {mover 115}
[2025-06-11 21:40:19.859] Evento de teclado recebido: {mover 100}
[2025-06-11 21:40:19.992] Evento de teclado recebido: {mover 115}
[2025-06-11 21:40:19.993] Evento de teclado recebido: {mover 97}
[2025-06-11 21:40:20.097] Evento de teclado recebido: {mover 100}
[2025-06-11 21:40:20.253] Evento de teclado recebido: {mover 97}
[2025-06-11 21:40:20.259] Evento de teclado recebido: {mover 115}
[2025-06-11 21:40:20.269] Evento de teclado recebido: {mover 100}
[2025-06-11 21:40:20.368] Evento de teclado recebido: {mover 97}
[2025-06-11 21:40:20.493] Evento de teclado recebido: {mover 100}
[2025-06-11 21:40:20.653] Evento de teclado recebido: {mover 115}
[2025-06-11 21:40:20.654] Evento de teclado recebido: {mover 97}
[2025-06-11 21:40:20.739] Evento de teclado recebido: {mover 100}
[2025-06-11 21:40:20.891] Evento de teclado recebido: {mover 115}
[2025-06-11 21:40:20.892] Evento de teclado recebido: {mover 97}
[2025-06-11 21:40:20.970] Evento de teclado recebido: {mover 100}
[2025-06-11 21:40:21.008] Evento de teclado recebido: {mover 97}
[2025-06-11 21:40:21.128] Evento de teclado recebido: {mover 115}
[2025-06-11 21:40:21.206] Evento de teclado recebido: {mover 100}
[2025-06-11 21:40:21.286] Evento de teclado recebido: {mover 97}
[2025-06-11 21:40:21.372] Evento de teclado recebido: {mover 100}
[2025-06-11 21:40:21.454] Evento de teclado recebido: {mover 97}
[2025-06-11 21:40:21.522] Evento de teclado recebido: {mover 115}
[2025-06-11 21:40:21.608] Evento de teclado recebido: {mover 100}
[2025-06-11 21:40:21.706] Evento de teclado recebido: {mover 97}
[2025-06-11 21:40:21.792] Evento de teclado recebido: {mover 100}
[2025-06-11 21:40:22.101] Evento de teclado recebido: {mover 115}
[2025-06-11 21:40:22.157] Evento de teclado recebido: {mover 100}
[2025-06-11 21:40:22.181] Evento de teclado recebido: {mover 97}
[2025-06-11 21:40:22.446] Evento de teclado recebido: {mover 100}
[2025-06-11 21:40:22.578] Evento de teclado recebido: {mover 115}
[2025-06-11 21:40:22.579] Evento de teclado recebido: {mover 97}
[2025-06-11 21:40:22.821] Evento de teclado recebido: {mover 97}
[2025-06-11 21:40:22.822] Evento de teclado recebido: {mover 100}
[2025-06-11 21:40:22.826] Evento de teclado recebido: {mover 115}
[2025-06-11 21:40:22.974] Evento de teclado recebido: {mover 97}
[2025-06-11 21:40:23.083] Evento de teclado recebido: {mover 100}
[2025-06-11 21:40:23.320] Evento de teclado recebido: {mover 115}
[2025-06-11 21:40:23.325] Evento de teclado recebido: {mover 97}
[2025-06-11 21:40:23.478] Evento de teclado recebido: {mover 100}
[2025-06-11 21:40:23.619] Evento de teclado recebido: {mover 115}
[2025-06-11 21:40:23.760] Evento de teclado recebido: {mover 100}
[2025-06-11 21:40:49.468] Evento de teclado recebido: {outro 0}
